<?xml version="1.0" encoding="UTF-8"?>
<!-- Generated by org.testng.reporters.JUnitReportReporter -->
<testsuite hostname="LM-BWI-00871652" name="main.test.com.internationalstudentspace.dao.CreateNewAccountDaoTest" tests="1" failures="0" timestamp="22 May 2016 17:08:50 GMT" time="0.233" errors="0">
  <testcase name="testCreateNewAccount" time="0.233" classname="main.test.com.internationalstudentspace.dao.CreateNewAccountDaoTest"/>
</testsuite> <!-- main.test.com.internationalstudentspace.dao.CreateNewAccountDaoTest -->
