<?xml version="1.0" encoding="UTF-8"?>
<!-- Generated by org.testng.reporters.JUnitReportReporter -->
<testsuite hostname="LM-BWI-00871652" name="main.test.com.internationalstudentspace.dao.SendMailDaoTest" tests="2" failures="0" timestamp="10 Jun 2016 22:55:35 GMT" time="0.036" errors="0">
  <testcase name="testSendMail2" time="0.001" classname="main.test.com.internationalstudentspace.dao.SendMailDaoTest"/>
  <testcase name="testSendMail" time="0.035" classname="main.test.com.internationalstudentspace.dao.SendMailDaoTest"/>
</testsuite> <!-- main.test.com.internationalstudentspace.dao.SendMailDaoTest -->
