<?xml version="1.0" encoding="UTF-8"?>
<!-- Generated by org.testng.reporters.JUnitReportReporter -->
<testsuite hostname="LM-BWI-00871652" name="main.test.com.internationalstudentspace.dao.SendMailDaoTest" tests="1" failures="0" timestamp="23 May 2016 03:53:20 GMT" time="2.068" errors="0">
  <testcase name="testSendMail" time="2.068" classname="main.test.com.internationalstudentspace.dao.SendMailDaoTest"/>
</testsuite> <!-- main.test.com.internationalstudentspace.dao.SendMailDaoTest -->
