<?xml version="1.0" encoding="UTF-8"?>
<!-- Generated by org.testng.reporters.JUnitReportReporter -->
<testsuite hostname="LM-BWI-00871652" name="main.test.com.internationalstudentspace.dao.GetAccountDaoTest" tests="2" failures="0" timestamp="22 May 2016 17:11:23 GMT" time="0.223" errors="0">
  <testcase name="testGetAllAccount" time="0.010" classname="main.test.com.internationalstudentspace.dao.GetAccountDaoTest"/>
  <testcase name="testGetAccount" time="0.213" classname="main.test.com.internationalstudentspace.dao.GetAccountDaoTest"/>
</testsuite> <!-- main.test.com.internationalstudentspace.dao.GetAccountDaoTest -->
